INFO:  ANSI Code Page: 936
INFO:  latexindent.exe version 3.24.7, 2025-08-15, a script to indent .tex files
       latexindent.exe lives here: D:/APP/texlive/2026/bin/windows/
       Sat Mar 14 19:03:03 2026
       Filename: c:/Users/86132/Desktop/毕业论文/AI_tools_explaination/__latexindent_temp_explaination.tex
INFO:  Processing switches:
       -y|--yaml: YAML settings specified via command line
       -c|--cruft: cruft directory
INFO:  Directory for backup files and log file c:\Users\86132\Desktop\毕业论文\indent.log:
       c:\Users\86132\Desktop\毕业论文\
INFO:  YAML settings read: defaultSettings.yaml
       Reading defaultSettings.yaml from D:/APP/texlive/2026/bin/windows/defaultSettings.yaml
       Reading defaultSettings.yaml (2nd attempt) from D:/APP/texlive/2026/bin/windows/../../texmf-dist/scripts/latexindent/defaultSettings.yaml
       and then, if necessary, D:/APP/texlive/2026/bin/windows/LatexIndent/defaultSettings.yaml
INFO:  YAML reading settings
       Home directory is C:\Users\86132
       latexindent.pl didn't find indentconfig.yaml or .indentconfig.yaml
       see all possible locations: https://latexindentpl.readthedocs.io/en/latest/sec-appendices.html#indentconfig-options)
INFO:  YAML settings read: -y switch
       YAML setting: defaultIndent:'    '
       single-quoted string found in -y switch: '    ', substitute to     
       Updating mainSettings with defaultIndent:     
INFO:  Phase 1: searching for objects
INFO:  Phase 2: finding surrounding indentation
INFO:  Phase 3: indenting objects
INFO:  Phase 4: final indentation check
INFO:  Output routine:
       Not outputting to file; see -w and -o switches for more options.
       --------------
INFO:  Please direct all communication/issues to:
        https://github.com/cmhughes/latexindent.pl
